\BOOKMARK [1][-]{section*.1}{\376\377\000S\000t\000a\000t\000i\000s\000t\000i\000c\000s}{}% 1
\BOOKMARK [2][-]{section*.2}{\376\377\000D\000i\000s\000c\000r\000e\000t\000e\000\040\000D\000i\000s\000t\000r\000i\000b\000u\000t\000i\000o\000n\000s}{section*.1}% 2
\BOOKMARK [2][-]{section*.3}{\376\377\000C\000o\000n\000t\000i\000n\000u\000o\000u\000s\000\040\000D\000i\000s\000t\000r\000i\000b\000u\000t\000i\000o\000n\000s}{section*.1}% 3
\BOOKMARK [1][-]{section*.4}{\376\377\000C\000o\000n\000c\000e\000p\000t\000s}{}% 4
\BOOKMARK [1][-]{section*.5}{\376\377\000M\000o\000d\000e\000l\000\040\000E\000v\000a\000l\000u\000a\000t\000i\000o\000n}{}% 5
\BOOKMARK [2][-]{section*.6}{\376\377\000R\000e\000g\000r\000e\000s\000s\000i\000o\000n}{section*.5}% 6
\BOOKMARK [2][-]{section*.7}{\376\377\000C\000l\000a\000s\000s\000i\000f\000i\000c\000a\000t\000i\000o\000n}{section*.5}% 7
\BOOKMARK [1][-]{section*.8}{\376\377\000L\000i\000n\000e\000a\000r\000\040\000R\000e\000g\000r\000e\000s\000s\000i\000o\000n}{}% 8
\BOOKMARK [1][-]{section*.9}{\376\377\000L\000o\000g\000i\000s\000t\000i\000c\000\040\000R\000e\000g\000r\000e\000s\000s\000i\000o\000n}{}% 9
\BOOKMARK [1][-]{section*.10}{\376\377\000D\000e\000c\000i\000s\000i\000o\000n\000\040\000T\000r\000e\000e\000s}{}% 10
\BOOKMARK [2][-]{section*.11}{\376\377\000C\000l\000a\000s\000s\000i\000f\000i\000c\000a\000t\000i\000o\000n\000\040\000a\000n\000d\000\040\000R\000e\000g\000r\000e\000s\000s\000i\000o\000n\000\040\000T\000r\000e\000e}{section*.10}% 11
\BOOKMARK [2][-]{section*.12}{\376\377\000R\000a\000n\000d\000o\000m\000\040\000F\000o\000r\000e\000s\000t}{section*.10}% 12
\BOOKMARK [1][-]{section*.13}{\376\377\000S\000u\000p\000p\000o\000r\000t\000\040\000V\000e\000c\000t\000o\000r\000\040\000M\000a\000c\000h\000i\000n\000e\000s}{}% 13
\BOOKMARK [2][-]{section*.14}{\376\377\000M\000u\000l\000t\000i\000c\000l\000a\000s\000s\000\040\000P\000r\000e\000d\000i\000c\000t\000i\000o\000n}{section*.13}% 14
\BOOKMARK [1][-]{section*.15}{\376\377\000k\000-\000N\000e\000a\000r\000e\000s\000t\000\040\000N\000e\000i\000g\000h\000b\000o\000r\000s}{}% 15
\BOOKMARK [1][-]{section*.16}{\376\377\000C\000l\000u\000s\000t\000e\000r\000i\000n\000g}{}% 16
\BOOKMARK [2][-]{section*.17}{\376\377\000k\000-\000M\000e\000a\000n\000s}{section*.16}% 17
\BOOKMARK [2][-]{section*.18}{\376\377\000H\000i\000e\000r\000a\000r\000c\000h\000i\000c\000a\000l\000\040\000C\000l\000u\000s\000t\000e\000r\000i\000n\000g}{section*.16}% 18
\BOOKMARK [1][-]{section*.19}{\376\377\000D\000i\000m\000e\000n\000s\000i\000o\000n\000\040\000R\000e\000d\000u\000c\000t\000i\000o\000n}{}% 19
\BOOKMARK [2][-]{section*.20}{\376\377\000P\000r\000i\000n\000c\000i\000p\000a\000l\000\040\000C\000o\000m\000p\000o\000n\000e\000n\000t\000\040\000A\000n\000a\000l\000y\000s\000i\000s}{section*.19}% 20
\BOOKMARK [2][-]{section*.21}{\376\377\000L\000i\000n\000e\000a\000r\000\040\000D\000i\000s\000c\000r\000i\000m\000i\000n\000a\000n\000t\000\040\000A\000n\000a\000l\000y\000s\000i\000s}{section*.19}% 21
\BOOKMARK [2][-]{section*.22}{\376\377\000F\000a\000c\000t\000o\000r\000\040\000A\000n\000a\000l\000y\000s\000i\000s}{section*.19}% 22
\BOOKMARK [1][-]{section*.23}{\376\377\000N\000a\000t\000u\000r\000a\000l\000\040\000L\000a\000n\000g\000u\000a\000g\000e\000\040\000P\000r\000o\000c\000e\000s\000s\000i\000n\000g}{}% 23
\BOOKMARK [2][-]{section*.24}{\376\377\000W\000o\000r\000d\000\040\000E\000m\000b\000e\000d\000d\000i\000n\000g}{section*.23}% 24
\BOOKMARK [2][-]{section*.25}{\376\377\000S\000e\000n\000t\000i\000m\000e\000n\000t\000\040\000A\000n\000a\000l\000y\000s\000i\000s}{section*.23}% 25
\BOOKMARK [2][-]{section*.26}{\376\377\000T\000o\000p\000i\000c\000\040\000M\000o\000d\000e\000l\000l\000i\000n\000g}{section*.23}% 26
\BOOKMARK [1][-]{section*.27}{\376\377\000N\000e\000u\000r\000a\000l\000\040\000N\000e\000t\000w\000o\000r\000k}{}% 27
\BOOKMARK [1][-]{section*.28}{\376\377\000C\000o\000n\000v\000o\000l\000u\000t\000i\000o\000n\000a\000l\000\040\000N\000e\000u\000r\000a\000l\000\040\000N\000e\000t\000w\000o\000r\000k}{}% 28
\BOOKMARK [1][-]{section*.29}{\376\377\000R\000e\000c\000u\000r\000r\000e\000n\000t\000\040\000N\000e\000u\000r\000a\000l\000\040\000N\000e\000t\000w\000o\000r\000k}{}% 29
\BOOKMARK [1][-]{section*.30}{\376\377\000B\000o\000o\000s\000t\000i\000n\000g}{}% 30
\BOOKMARK [1][-]{section*.31}{\376\377\000R\000e\000c\000o\000m\000m\000e\000n\000d\000e\000r\000\040\000S\000y\000s\000t\000e\000m\000s}{}% 31
\BOOKMARK [1][-]{section*.32}{\376\377\000R\000e\000i\000n\000f\000o\000r\000c\000e\000m\000e\000n\000t\000\040\000L\000e\000a\000r\000n\000i\000n\000g}{}% 32
\BOOKMARK [1][-]{section*.33}{\376\377\000A\000n\000o\000m\000a\000l\000y\000\040\000D\000e\000t\000e\000c\000t\000i\000o\000n}{}% 33
\BOOKMARK [1][-]{section*.34}{\376\377\000T\000i\000m\000e\000\040\000S\000e\000r\000i\000e\000s}{}% 34
\BOOKMARK [1][-]{section*.35}{\376\377\000N\000a\000i\000v\000e\000\040\000B\000a\000y\000e\000s}{}% 35
\BOOKMARK [1][-]{section*.36}{\376\377\000S\000t\000a\000t\000i\000s\000t\000i\000c\000s}{}% 36
\BOOKMARK [1][-]{section*.37}{\376\377\000A\000/\000B\000\040\000T\000e\000s\000t\000i\000n\000g}{}% 37
\BOOKMARK [1][-]{section*.38}{\376\377\000M\000i\000s\000c\000e\000l\000l\000a\000n\000e\000o\000u\000s}{}% 38
